<?xml version="1.0" encoding="UTF-8"?>
<!-- Generated by org.testng.reporters.JUnitReportReporter -->
<testsuite skipped="0" hostname="LAPTOP-HUPK" name="com.pk.actitime.users.deleteUser" tests="1" failures="0" timestamp="05 Apr 2021 14:10:00 GMT" time="0.000" errors="0">
  <testcase name="testDeleteUser" time="0.000" classname="com.pk.actitime.users.deleteUser"/>
</testsuite> <!-- com.pk.actitime.users.deleteUser -->
