<?xml version="1.0" encoding="UTF-8"?>
<!-- Generated by org.testng.reporters.JUnitReportReporter -->
<testsuite skipped="0" hostname="LAPTOP-HUPK" name="com.pk.actitime.users.createUser" tests="1" failures="0" timestamp="05 Apr 2021 14:10:00 GMT" time="0.016" errors="0">
  <testcase name="testCreateUser" time="0.016" classname="com.pk.actitime.users.createUser"/>
</testsuite> <!-- com.pk.actitime.users.createUser -->
