<?xml version="1.0" encoding="UTF-8"?>
<!-- Generated by org.testng.reporters.JUnitReportReporter -->
<testsuite skipped="0" hostname="LAPTOP-HUPK" name="com.pk.actiitime.tasks.deleteCustomer" tests="1" failures="0" timestamp="05 Apr 2021 14:08:44 GMT" time="0.000" errors="0">
  <testcase name="testdeteteUser" time="0.000" classname="com.pk.actiitime.tasks.deleteCustomer"/>
</testsuite> <!-- com.pk.actiitime.tasks.deleteCustomer -->
