<?xml version="1.0" encoding="UTF-8"?>
<!-- Generated by org.testng.reporters.JUnitReportReporter -->
<testsuite skipped="1" hostname="LAPTOP-HUPK" name="com.pk.actitime.tasks.DeleteCustomer" tests="1" failures="0" timestamp="25 Feb 2021 07:46:43 GMT" time="0.000" errors="0">
  <testcase name="testDeleteCustomer" time="0.000" classname="com.pk.actitime.tasks.DeleteCustomer">
    <skipped/>
  </testcase> <!-- testDeleteCustomer -->
</testsuite> <!-- com.pk.actitime.tasks.DeleteCustomer -->
