<?xml version="1.0" encoding="UTF-8"?>
<!-- Generated by org.testng.reporters.JUnitReportReporter -->
<testsuite skipped="0" hostname="LAPTOP-HUPK" name="com.pk.actitime.users.CreateUser" tests="1" failures="0" timestamp="15 Feb 2021 16:47:40 GMT" time="0.019" errors="0">
  <testcase name="testCreateUser" time="0.019" classname="com.pk.actitime.users.CreateUser"/>
</testsuite> <!-- com.pk.actitime.users.CreateUser -->
